<?xml version="1.0" encoding="UTF-8"?>
<!-- Generated by org.testng.reporters.JUnitReportReporter -->
<testsuite hostname="DESKTOP-A0PA6AD" failures="0" tests="1" name="scripts.Testcase1" time="8.265" errors="0" timestamp="2022-10-06T00:22:42 IST" skipped="0">
  <testcase classname="scripts.Testcase1" name="tc1" time="8.265"/>
  <system-out/>
</testsuite> <!-- scripts.Testcase1 -->
